<?xml version="1.0" encoding="UTF-8"?>
<!-- Generated by org.testng.reporters.JUnitXMLReporter -->
<testsuite ignored="0" hostname="asustuff15" failures="0" tests="5" name="Default test" time="44.463" errors="0" timestamp="2026-06-23T23:08:27 IST">
  <testcase classname="android_learn.CalculatorTest" name="testAddition" time="5.231"/>
  <testcase classname="android_learn.CalculatorTest" name="testDecimalAddition" time="9.14"/>
  <testcase classname="android_learn.CalculatorTest" name="testDivision" time="4.92"/>
  <testcase classname="android_learn.CalculatorTest" name="testMultiplication" time="4.942"/>
  <testcase classname="android_learn.CalculatorTest" name="testSubtraction" time="5.913"/>
</testsuite> <!-- Default test -->
