<?xml version="1.0" encoding="UTF-8"?>
<!-- Generated by org.testng.reporters.JUnitXMLReporter -->
<testsuite ignored="0" hostname="asustuff15" failures="1" tests="1" name="Test" time="19.889" errors="0" timestamp="2026-06-21T13:34:33 IST">
  <testcase classname="android_learn.CallAutomation" name="testCalculatorAddition" time="10.377">
    <failure type="org.openqa.selenium.NoSuchElementException" message="An element could not be located on the page using the given search parameters.
For documentation on this error, please visit: https://www.selenium.dev/documentation/webdriver/troubleshooting/errors#no-such-element-exception
Build info: version: &amp;apos;4.21.0&amp;apos;, revision: &amp;apos;79ed462ef4&amp;apos;
System info: os.name: &amp;apos;Windows 11&amp;apos;, os.arch: &amp;apos;amd64&amp;apos;, os.version: &amp;apos;10.0&amp;apos;, java.version: &amp;apos;21.0.6&amp;apos;
Driver info: io.appium.java_client.android.AndroidDriver
Command: [f5fd109c-72ad-49b2-a8a7-c8775f82ae3b, findElement {using=id, value=com.miui.calculator:id/key_5}]
Capabilities {appium:appActivity: com.miui.calculator.cal.Cal..., appium:appPackage: com.miui.calculator, appium:automationName: UiAutomator2, appium:databaseEnabled: false, appium:desired: {appActivity: com.miui.calculator.cal.Cal..., appPackage: com.miui.calculator, automationName: UiAutomator2, deviceName: Redmi, noReset: true, platformName: ANDROID}, appium:deviceApiLevel: 31, appium:deviceManufacturer: Xiaomi, appium:deviceModel: 220333QBI, appium:deviceName: 85a8798b, appium:deviceScreenDensity: 320, appium:deviceScreenSize: 720x1650, appium:deviceUDID: 85a8798b, appium:javascriptEnabled: true, appium:locationContextEnabled: false, appium:networkConnectionEnabled: true, appium:noReset: true, appium:pixelRatio: 2, appium:platformVersion: 12, appium:statBarHeight: 49, appium:takesScreenshot: true, appium:viewportRect: {height: 1601, left: 0, top: 49, width: 720}, appium:warnings: {}, appium:webStorageEnabled: false, platformName: ANDROID}
Session ID: f5fd109c-72ad-49b2-a8a7-c8775f82ae3b">
      <![CDATA[org.openqa.selenium.NoSuchElementException: An element could not be located on the page using the given search parameters.
For documentation on this error, please visit: https://www.selenium.dev/documentation/webdriver/troubleshooting/errors#no-such-element-exception
Build info: version: '4.21.0', revision: '79ed462ef4'
System info: os.name: 'Windows 11', os.arch: 'amd64', os.version: '10.0', java.version: '21.0.6'
Driver info: io.appium.java_client.android.AndroidDriver
Command: [f5fd109c-72ad-49b2-a8a7-c8775f82ae3b, findElement {using=id, value=com.miui.calculator:id/key_5}]
Capabilities {appium:appActivity: com.miui.calculator.cal.Cal..., appium:appPackage: com.miui.calculator, appium:automationName: UiAutomator2, appium:databaseEnabled: false, appium:desired: {appActivity: com.miui.calculator.cal.Cal..., appPackage: com.miui.calculator, automationName: UiAutomator2, deviceName: Redmi, noReset: true, platformName: ANDROID}, appium:deviceApiLevel: 31, appium:deviceManufacturer: Xiaomi, appium:deviceModel: 220333QBI, appium:deviceName: 85a8798b, appium:deviceScreenDensity: 320, appium:deviceScreenSize: 720x1650, appium:deviceUDID: 85a8798b, appium:javascriptEnabled: true, appium:locationContextEnabled: false, appium:networkConnectionEnabled: true, appium:noReset: true, appium:pixelRatio: 2, appium:platformVersion: 12, appium:statBarHeight: 49, appium:takesScreenshot: true, appium:viewportRect: {height: 1601, left: 0, top: 49, width: 720}, appium:warnings: {}, appium:webStorageEnabled: false, platformName: ANDROID}
Session ID: f5fd109c-72ad-49b2-a8a7-c8775f82ae3b
at org.openqa.selenium.remote.ErrorCodec.decode(ErrorCodec.java:167)
at org.openqa.selenium.remote.codec.w3c.W3CHttpResponseCodec.decode(W3CHttpResponseCodec.java:138)
at org.openqa.selenium.remote.codec.w3c.W3CHttpResponseCodec.decode(W3CHttpResponseCodec.java:50)
at org.openqa.selenium.remote.HttpCommandExecutor.execute(HttpCommandExecutor.java:190)
at io.appium.java_client.remote.AppiumCommandExecutor.execute(AppiumCommandExecutor.java:237)
at org.openqa.selenium.remote.RemoteWebDriver.execute(RemoteWebDriver.java:518)
at org.openqa.selenium.remote.ElementLocation$ElementFinder$2.findElement(ElementLocation.java:165)
at org.openqa.selenium.remote.ElementLocation.findElement(ElementLocation.java:66)
at org.openqa.selenium.remote.RemoteWebDriver.findElement(RemoteWebDriver.java:355)
at org.openqa.selenium.remote.RemoteWebDriver.findElement(RemoteWebDriver.java:349)
at android_learn.CallAutomation.testCalculatorAddition(CallAutomation.java:34)
at java.base/java.util.ArrayList.forEach(ArrayList.java:1596)
... Removed 28 stack frames]]>
    </failure>
  </testcase> <!-- testCalculatorAddition -->
</testsuite> <!-- Test -->
