<?xml version="1.0" encoding="UTF-8"?>
<testng-results ignored="0" total="1" passed="1" failed="0" skipped="0">
  <reporter-output>
  </reporter-output>
  <suite started-at="2026-06-22T23:42:00 IST" name="Default suite" finished-at="2026-06-22T23:42:13 IST" duration-ms="12720">
    <groups>
    </groups>
    <test started-at="2026-06-22T23:42:00 IST" name="Default test" finished-at="2026-06-22T23:42:13 IST" duration-ms="12720">
      <class name="android_learn.CallTest">
        <test-method is-config="true" signature="setUp()[pri:0, instance:android_learn.CallTest@3e78b6a5]" started-at="2026-06-22T23:42:00 IST" name="setUp" finished-at="2026-06-22T23:42:06 IST" duration-ms="5374" status="PASS">
          <reporter-output>
          </reporter-output>
        </test-method> <!-- setUp -->
        <test-method signature="makeCall()[pri:0, instance:android_learn.CallTest@3e78b6a5]" started-at="2026-06-22T23:42:06 IST" name="makeCall" finished-at="2026-06-22T23:42:12 IST" duration-ms="6480" status="PASS">
          <reporter-output>
          </reporter-output>
        </test-method> <!-- makeCall -->
        <test-method is-config="true" signature="tearDown()[pri:0, instance:android_learn.CallTest@3e78b6a5]" started-at="2026-06-22T23:42:12 IST" name="tearDown" finished-at="2026-06-22T23:42:13 IST" duration-ms="787" status="PASS">
          <reporter-output>
          </reporter-output>
        </test-method> <!-- tearDown -->
      </class> <!-- android_learn.CallTest -->
    </test> <!-- Default test -->
  </suite> <!-- Default suite -->
</testng-results>
