<?xml version="1.0" encoding="UTF-8"?>
<testng-results ignored="0" total="1" passed="1" failed="0" skipped="0">
  <reporter-output>
  </reporter-output>
  <suite started-at="2026-06-23T22:15:32 IST" name="Default suite" finished-at="2026-06-23T22:15:55 IST" duration-ms="22695">
    <groups>
    </groups>
    <test started-at="2026-06-23T22:15:32 IST" name="Default test" finished-at="2026-06-23T22:15:55 IST" duration-ms="22695">
      <class name="android_learn.MakeCall">
        <test-method is-config="true" signature="setup()[pri:0, instance:android_learn.MakeCall@3e78b6a5]" started-at="2026-06-23T22:15:32 IST" name="setup" finished-at="2026-06-23T22:15:42 IST" duration-ms="9612" status="PASS">
          <reporter-output>
          </reporter-output>
        </test-method> <!-- setup -->
        <test-method signature="callFirstRecentContact()[pri:0, instance:android_learn.MakeCall@3e78b6a5]" started-at="2026-06-23T22:15:42 IST" name="callFirstRecentContact" finished-at="2026-06-23T22:15:53 IST" duration-ms="11576" status="PASS">
          <reporter-output>
          </reporter-output>
        </test-method> <!-- callFirstRecentContact -->
        <test-method is-config="true" signature="tearDown()[pri:0, instance:android_learn.MakeCall@3e78b6a5]" started-at="2026-06-23T22:15:53 IST" name="tearDown" finished-at="2026-06-23T22:15:55 IST" duration-ms="1382" status="PASS">
          <reporter-output>
          </reporter-output>
        </test-method> <!-- tearDown -->
      </class> <!-- android_learn.MakeCall -->
    </test> <!-- Default test -->
  </suite> <!-- Default suite -->
</testng-results>
