<?xml version="1.0" encoding="UTF-8"?>
<!-- Generated by org.testng.reporters.JUnitReportReporter -->
<testsuite hostname="asustuff15" failures="0" tests="5" name="android_learn.CalculatorTest" time="32.431" errors="0" timestamp="2026-06-21T14:24:30 IST" skipped="0">
  <testcase classname="android_learn.CalculatorTest" name="testSubtraction" time="5.833"/>
  <testcase classname="android_learn.CalculatorTest" name="testAddition" time="6.298"/>
  <testcase classname="android_learn.CalculatorTest" name="testDivision" time="5.627"/>
  <testcase classname="android_learn.CalculatorTest" name="testMultiplication" time="5.746"/>
  <testcase classname="android_learn.CalculatorTest" name="testDecimalAddition" time="8.927"/>
</testsuite> <!-- android_learn.CalculatorTest -->
