<?xml version="1.0" encoding="UTF-8"?>
<!-- Generated by org.testng.reporters.JUnitReportReporter -->
<testsuite hostname="asustuff15" failures="0" tests="2" name="android_learn.addition" time="10.252" errors="1" timestamp="2026-06-18T16:32:42 IST" skipped="1">
  <testcase classname="android_learn.addition" name="beforeTest" time="10.252">
    <error message="Could not start a new session. Response code 500. Message: Cannot start the &#039;com.android.calculator2&#039; application. Consider checking the driver&#039;s troubleshooting documentation. Original error: Error executing adbExec. Original error: &#039;Command &#039;&#039;C:\Users\ksman\AppData\Local\Android\Sdk\platform-tools\adb.exe&#039; -P 5037 -s emulator-5554 shell am start-activity -W -n com.android.calculator2/com.android.calculator2.Calculator -S -a android.intent.action.MAIN -c android.intent.category.LAUNCHER -f 0x10200000&#039; exited with code 1&#039;; Command output: Stopping: com.android.calculator2
Starting: Intent { act=android.intent.action.MAIN cat=[android.intent.category.LAUNCHER] flg=0x10200000 cmp=com.android.calculator2/.Calculator }
Error type 3
Error: Activity class {com.android.calculator2/com.android.calculator2.Calculator} does not exist.
 
Host info: host: &#039;ASUSTUFF15&#039;, ip: &#039;192.168.1.97&#039;
Build info: version: &#039;4.21.0&#039;, revision: &#039;79ed462ef4&#039;
System info: os.name: &#039;Windows 11&#039;, os.arch: &#039;amd64&#039;, os.version: &#039;10.0&#039;, java.version: &#039;21.0.6&#039;
Driver info: io.appium.java_client.android.AndroidDriver
Command: [null, newSession {desiredCapabilities=Capabilities {appium:adbExecTimeout: 120000, appium:appActivity: com.android.calculator2.Cal..., appium:appPackage: com.android.calculator2, appium:autoGrantPermissions: true, appium:automationName: UiAutomator2, appium:deviceName: emulator-5554, appium:ignoreHiddenApiPolicyError: true, appium:noReset: true, appium:skipDeviceInitialization: true, appium:udid: emulator-5554, appium:uiautomator2ServerLaunchTimeout: 120000, platformName: ANDROID}, capabilities=[{platformName=ANDROID, appium:appActivity=com.android.calculator2.Calculator, appium:autoGrantPermissions=true, appium:appPackage=com.android.calculator2, appium:skipDeviceInitialization=true, appium:automationName=UiAutomator2, appium:udid=emulator-5554, appium:adbExecTimeout=120000, appium:ignoreHiddenApiPolicyError=true, appium:uiautomator2ServerLaunchTimeout=120000, appium:noReset=true, appium:deviceName=emulator-5554}]}]
Capabilities {appium:adbExecTimeout: 120000, appium:appActivity: com.android.calculator2.Cal..., appium:appPackage: com.android.calculator2, appium:autoGrantPermissions: true, appium:automationName: UiAutomator2, appium:deviceName: emulator-5554, appium:ignoreHiddenApiPolicyError: true, appium:noReset: true, appium:skipDeviceInitialization: true, appium:udid: emulator-5554, appium:uiautomator2ServerLaunchTimeout: 120000, platformName: ANDROID}" type="org.openqa.selenium.SessionNotCreatedException">
      <![CDATA[org.openqa.selenium.SessionNotCreatedException: Could not start a new session. Response code 500. Message: Cannot start the 'com.android.calculator2' application. Consider checking the driver's troubleshooting documentation. Original error: Error executing adbExec. Original error: 'Command ''C:\Users\ksman\AppData\Local\Android\Sdk\platform-tools\adb.exe' -P 5037 -s emulator-5554 shell am start-activity -W -n com.android.calculator2/com.android.calculator2.Calculator -S -a android.intent.action.MAIN -c android.intent.category.LAUNCHER -f 0x10200000' exited with code 1'; Command output: Stopping: com.android.calculator2
Starting: Intent { act=android.intent.action.MAIN cat=[android.intent.category.LAUNCHER] flg=0x10200000 cmp=com.android.calculator2/.Calculator }
Error type 3
Error: Activity class {com.android.calculator2/com.android.calculator2.Calculator} does not exist.
 
Host info: host: 'ASUSTUFF15', ip: '192.168.1.97'
Build info: version: '4.21.0', revision: '79ed462ef4'
System info: os.name: 'Windows 11', os.arch: 'amd64', os.version: '10.0', java.version: '21.0.6'
Driver info: io.appium.java_client.android.AndroidDriver
Command: [null, newSession {desiredCapabilities=Capabilities {appium:adbExecTimeout: 120000, appium:appActivity: com.android.calculator2.Cal..., appium:appPackage: com.android.calculator2, appium:autoGrantPermissions: true, appium:automationName: UiAutomator2, appium:deviceName: emulator-5554, appium:ignoreHiddenApiPolicyError: true, appium:noReset: true, appium:skipDeviceInitialization: true, appium:udid: emulator-5554, appium:uiautomator2ServerLaunchTimeout: 120000, platformName: ANDROID}, capabilities=[{platformName=ANDROID, appium:appActivity=com.android.calculator2.Calculator, appium:autoGrantPermissions=true, appium:appPackage=com.android.calculator2, appium:skipDeviceInitialization=true, appium:automationName=UiAutomator2, appium:udid=emulator-5554, appium:adbExecTimeout=120000, appium:ignoreHiddenApiPolicyError=true, appium:uiautomator2ServerLaunchTimeout=120000, appium:noReset=true, appium:deviceName=emulator-5554}]}]
Capabilities {appium:adbExecTimeout: 120000, appium:appActivity: com.android.calculator2.Cal..., appium:appPackage: com.android.calculator2, appium:autoGrantPermissions: true, appium:automationName: UiAutomator2, appium:deviceName: emulator-5554, appium:ignoreHiddenApiPolicyError: true, appium:noReset: true, appium:skipDeviceInitialization: true, appium:udid: emulator-5554, appium:uiautomator2ServerLaunchTimeout: 120000, platformName: ANDROID}
at org.openqa.selenium.remote.ProtocolHandshake.createSession(ProtocolHandshake.java:114)
at java.base/jdk.internal.reflect.DirectMethodHandleAccessor.invoke(DirectMethodHandleAccessor.java:103)
at java.base/java.lang.reflect.Method.invoke(Method.java:580)
at io.appium.java_client.remote.AppiumProtocolHandshake.createSession(AppiumProtocolHandshake.java:116)
at io.appium.java_client.remote.AppiumProtocolHandshake.createSession(AppiumProtocolHandshake.java:96)
at io.appium.java_client.remote.AppiumCommandExecutor.createSession(AppiumCommandExecutor.java:176)
at io.appium.java_client.remote.AppiumCommandExecutor.execute(AppiumCommandExecutor.java:237)
at org.openqa.selenium.remote.RemoteWebDriver.execute(RemoteWebDriver.java:518)
at io.appium.java_client.AppiumDriver.startSession(AppiumDriver.java:268)
at org.openqa.selenium.remote.RemoteWebDriver.<init>(RemoteWebDriver.java:161)
at io.appium.java_client.AppiumDriver.<init>(AppiumDriver.java:90)
at io.appium.java_client.AppiumDriver.<init>(AppiumDriver.java:102)
at io.appium.java_client.android.AndroidDriver.<init>(AndroidDriver.java:109)
at android_learn.addition.beforeTest(addition.java:46)
at java.base/jdk.internal.reflect.DirectMethodHandleAccessor.invoke(DirectMethodHandleAccessor.java:103)
at java.base/java.lang.reflect.Method.invoke(Method.java:580)
at org.testng.internal.invokers.MethodInvocationHelper.invokeMethod(MethodInvocationHelper.java:139)
at org.testng.internal.invokers.MethodInvocationHelper.invokeMethodConsideringTimeout(MethodInvocationHelper.java:69)
at org.testng.internal.invokers.ConfigInvoker.invokeConfigurationMethod(ConfigInvoker.java:393)
at org.testng.internal.invokers.ConfigInvoker.invokeConfigurations(ConfigInvoker.java:326)
at org.testng.TestRunner.invokeTestConfigurations(TestRunner.java:661)
at org.testng.TestRunner.beforeRun(TestRunner.java:650)
at org.testng.TestRunner.run(TestRunner.java:612)
at org.testng.SuiteRunner.runTest(SuiteRunner.java:443)
at org.testng.SuiteRunner.runSequentially(SuiteRunner.java:437)
at org.testng.SuiteRunner.privateRun(SuiteRunner.java:397)
at org.testng.SuiteRunner.run(SuiteRunner.java:336)
at org.testng.SuiteRunnerWorker.runSuite(SuiteRunnerWorker.java:52)
at org.testng.SuiteRunnerWorker.run(SuiteRunnerWorker.java:95)
at org.testng.TestNG.runSuitesSequentially(TestNG.java:1301)
at org.testng.TestNG.runSuitesLocally(TestNG.java:1228)
at org.testng.TestNG.runSuites(TestNG.java:1134)
at org.testng.TestNG.run(TestNG.java:1101)
at org.testng.remote.AbstractRemoteTestNG.run(AbstractRemoteTestNG.java:115)
at org.testng.remote.RemoteTestNG.initAndRun(RemoteTestNG.java:293)
at org.testng.remote.RemoteTestNG.main(RemoteTestNG.java:91)
]]>
    </error>
  </testcase> <!-- beforeTest -->
  <testcase classname="android_learn.addition" name="addNumbers" time="0.000">
    <skipped/>
  </testcase> <!-- addNumbers -->
</testsuite> <!-- android_learn.addition -->
