<?xml version="1.0" encoding="UTF-8"?>
<!-- Generated by org.testng.reporters.JUnitReportReporter -->
<testsuite hostname="asustuff15" failures="0" tests="5" name="android_learn.CalculatorTest" time="36.210" errors="0" timestamp="2026-06-23T23:08:27 IST" skipped="0">
  <testcase classname="android_learn.CalculatorTest" name="testMultiplication" time="5.044"/>
  <testcase classname="android_learn.CalculatorTest" name="testAddition" time="10.879"/>
  <testcase classname="android_learn.CalculatorTest" name="testDecimalAddition" time="9.240"/>
  <testcase classname="android_learn.CalculatorTest" name="testDivision" time="5.027"/>
  <testcase classname="android_learn.CalculatorTest" name="testSubtraction" time="6.020"/>
</testsuite> <!-- android_learn.CalculatorTest -->
